[debug] [2026-01-30T05:02:21.970Z] ----------------------------------------------------------------------
[debug] [2026-01-30T05:02:21.973Z] Command:       /nix/store/ws50yvm6vzlzf7jzz6n7xh4szddrack1-nodejs-20.19.1/bin/node /nix/store/c776mhyhgykcld7p90ajrka149ifn61a-firebase-tools-14.26.0/lib/node_modules/firebase-tools/lib/bin/firebase.js init hosting
[debug] [2026-01-30T05:02:21.974Z] CLI Version:   14.26.0
[debug] [2026-01-30T05:02:21.974Z] Platform:      linux
[debug] [2026-01-30T05:02:21.974Z] Node Version:  v20.19.1
[debug] [2026-01-30T05:02:21.974Z] Time:          Fri Jan 30 2026 05:02:21 GMT+0000 (Coordinated Universal Time)
[debug] [2026-01-30T05:02:21.975Z] ----------------------------------------------------------------------
[debug] 
[debug] [2026-01-30T05:02:21.978Z] >>> [apiv2][query] GET https://firebase-public.firebaseio.com/cli.json [none]
[debug] [2026-01-30T05:02:22.072Z] No OAuth tokens found
[debug] [2026-01-30T05:02:22.073Z] No OAuth tokens found
[error] Failed to fetch Firebase Project from current Studio Workspace: Unable to refresh auth: not yet authenticated.
[info] 
     ######## #### ########  ######## ########     ###     ######  ########
     ##        ##  ##     ## ##       ##     ##  ##   ##  ##       ##
     ######    ##  ########  ######   ########  #########  ######  ######
     ##        ##  ##    ##  ##       ##     ## ##     ##       ## ##
     ##       #### ##     ## ######## ########  ##     ##  ######  ########

You're about to initialize a Firebase project in this directory:

  /home/user/sngsuu-dev1

[info] 
=== Project Setup
[info] 
[info] First, let's associate this project directory with a Firebase project.
[info] You can create multiple project aliases by running firebase use --add, 
[info] 
[debug] [2026-01-30T05:02:23.200Z] <<< [apiv2][status] GET https://firebase-public.firebaseio.com/cli.json 200
[debug] [2026-01-30T05:02:23.201Z] <<< [apiv2][body] GET https://firebase-public.firebaseio.com/cli.json {"cloudBuildErrorAfter":1594252800000,"cloudBuildWarnAfter":1590019200000,"defaultNode10After":1594252800000,"minVersion":"3.0.5","node8DeploysDisabledAfter":1613390400000,"node8RuntimeDisabledAfter":1615809600000,"node8WarnAfter":1600128000000}
